<?xml version="1.0" encoding="UTF-8"?>
<Site BuildName="(empty)"
	BuildStamp="20260512-0333-Experimental"
	Name="(empty)"
	Generator="ctest-3.28.3"
	CompilerName=""
	CompilerVersion=""
	OSName="Linux"
	Hostname="Exotic-Butter"
	OSRelease="6.17.0-23-generic"
	OSVersion="#23~24.04.1-Ubuntu SMP PREEMPT_DYNAMIC Tue Apr 14 16:11:48 UTC 2"
	OSPlatform="x86_64"
	Is64Bits="1"
	VendorString="GenuineIntel"
	VendorID="Intel Corporation"
	FamilyID="6"
	ModelID="94"
	ProcessorCacheSize="8192"
	NumberOfLogicalCPU="8"
	NumberOfPhysicalCPU="4"
	TotalVirtualMemory="2047"
	TotalPhysicalMemory="15911"
	LogicalProcessorsPerPhysical="2"
	ProcessorClockFrequency="3599.95"
	>
	<Testing>
		<StartDateTime>May 13 06:20 +07</StartDateTime>
		<StartTestTime>1778628006</StartTestTime>
		<TestList>
			<Test>./test_dummy</Test>
		</TestList>
		<Test Status="passed">
			<Name>test_dummy</Name>
			<Path>.</Path>
			<FullName>./test_dummy</FullName>
			<FullCommandLine>/home/london-femboy/Projects/CFool/Enigmatic-ExO/build/debug/test_dummy</FullCommandLine>
			<Results>
				<NamedMeasurement type="numeric/double" name="Execution Time">
					<Value>0.00137479</Value>
				</NamedMeasurement>
				<NamedMeasurement type="numeric/double" name="Processors">
					<Value>1</Value>
				</NamedMeasurement>
				<NamedMeasurement type="text/string" name="Completion Status">
					<Value>Completed</Value>
				</NamedMeasurement>
				<NamedMeasurement type="text/string" name="Command Line">
					<Value>/home/london-femboy/Projects/CFool/Enigmatic-ExO/build/debug/test_dummy</Value>
				</NamedMeasurement>
				<NamedMeasurement type="text/string" name="Environment">
					<Value>#CTEST_RESOURCE_GROUP_COUNT=</Value>
				</NamedMeasurement>
				<Measurement>
					<Value>[NON-XML-CHAR-0x1B][32m✓ PASS[NON-XML-CHAR-0x1B][0m: SIX!!! UND SEVEN!!!
All tests passed!
</Value>
				</Measurement>
			</Results>
		</Test>
		<EndDateTime>May 13 06:20 +07</EndDateTime>
		<EndTestTime>1778628006</EndTestTime>
		<ElapsedMinutes>0</ElapsedMinutes>
	</Testing>
</Site>
