Start testing: May 13 06:20 +07
----------------------------------------------------------
1/2 Testing: test_dummy
1/2 Test: test_dummy
Command: "/home/london-femboy/Projects/CFool/Enigmatic-ExO/build/debug/test_dummy"
Directory: /home/london-femboy/Projects/CFool/Enigmatic-ExO/build/debug
"test_dummy" start time: May 13 06:20 +07
Output:
----------------------------------------------------------
[32m✓ PASS[0m: SIX!!! UND SEVEN!!!
All tests passed!
<end of output>
Test time =   0.00 sec
----------------------------------------------------------
Test Passed.
"test_dummy" end time: May 13 06:20 +07
"test_dummy" time elapsed: 00:00:00
----------------------------------------------------------

End testing: May 13 06:20 +07
